Warning message:
package ‘foreach’ was built under R version 4.2.3 
Loading required package: iterators
Loading required package: snow
Warning messages:
1: package ‘iterators’ was built under R version 4.2.3 
2: package ‘snow’ was built under R version 4.2.3 

Attaching package: ‘parallel’

The following objects are masked from ‘package:snow’:

    clusterApply, clusterApplyLB, clusterCall, clusterEvalQ,
    clusterExport, clusterMap, clusterSplit, makeCluster, parApply,
    parCapply, parLapply, parRapply, parSapply, splitIndices,
    stopCluster


Attaching package: ‘dplyr’

The following objects are masked from ‘package:stats’:

    filter, lag

The following objects are masked from ‘package:base’:

    intersect, setdiff, setequal, union

Loading required package: mgcv
Loading required package: nlme

Attaching package: ‘nlme’

The following object is masked from ‘package:dplyr’:

    collapse

This is mgcv 1.8-42. For overview type 'help("mgcv-package")'.

Attaching package: ‘MASS’

The following object is masked from ‘package:dplyr’:

    select


Attaching package: ‘chron’

The following object is masked from ‘package:foreach’:

    times


Attaching package: ‘purrr’

The following objects are masked from ‘package:foreach’:

    accumulate, when


Attaching package: ‘data.table’

The following object is masked from ‘package:purrr’:

    transpose

The following objects are masked from ‘package:dplyr’:

    between, first, last

Warning messages:
1: package ‘ks’ was built under R version 4.2.3 
2: package ‘dplyr’ was built under R version 4.2.3 
3: package ‘mgcv’ was built under R version 4.2.3 
4: package ‘MASS’ was built under R version 4.2.3 
5: package ‘evd’ was built under R version 4.2.3 
6: package ‘chron’ was built under R version 4.2.3 
7: package ‘purrr’ was built under R version 4.2.3 
8: package ‘data.table’ was built under R version 4.2.3 
Warning message:
In dir.create(subpath) :
  '/pscratch/sd/j/jbbutler/sims/regions/bivt_projexp/base_tubes/bivt/400x400_on_[0,15]x[0,15]' already exists
